DEBUG [2013-11-06 05:54:00,757] edu.sjsu.cmpe.library.LibraryService: library-a - Queue name is /queue/11536.book.orders. Topic name is /topic/11536.book.*
WARN  [2013-11-06 05:54:00,781] com.yammer.dropwizard.config.ServerFactory: 
!!!!!!!!!!!!!!!!!!!!!!!!!!!!!!!!!!!!!!!!!!!!!!!!!!!!!!!!!!!!!!!!!!!!!!!!!!!!!!!!
!!!!!!!!!!!!!!!!!!!!!!!!!!!!!!!!!!!!!!!!!!!!!!!!!!!!!!!!!!!!!!!!!!!!!!!!!!!!!!!!
!    THIS SERVICE HAS NO HEALTHCHECKS. THIS MEANS YOU WILL NEVER KNOW IF IT    !
!    DIES IN PRODUCTION, WHICH MEANS YOU WILL NEVER KNOW IF YOU'RE LETTING     !
!     YOUR USERS DOWN. YOU SHOULD ADD A HEALTHCHECK FOR EACH DEPENDENCY OF     !
!     YOUR SERVICE WHICH FULLY (BUT LIGHTLY) TESTS YOUR SERVICE'S ABILITY TO   !
!      USE THAT SERVICE. THINK OF IT AS A CONTINUOUS INTEGRATION TEST.         !
!!!!!!!!!!!!!!!!!!!!!!!!!!!!!!!!!!!!!!!!!!!!!!!!!!!!!!!!!!!!!!!!!!!!!!!!!!!!!!!!
!!!!!!!!!!!!!!!!!!!!!!!!!!!!!!!!!!!!!!!!!!!!!!!!!!!!!!!!!!!!!!!!!!!!!!!!!!!!!!!!
INFO  [2013-11-06 05:54:00,853] com.yammer.dropwizard.cli.ServerCommand: Starting library-service
INFO  [2013-11-06 05:54:00,855] org.eclipse.jetty.server.Server: jetty-8.y.z-SNAPSHOT
INFO  [2013-11-06 05:54:00,948] com.sun.jersey.server.impl.application.WebApplicationImpl: Initiating Jersey application, version 'Jersey: 1.17.1 02/28/2013 12:47 PM'
INFO  [2013-11-06 05:54:01,017] com.yammer.dropwizard.config.Environment: The following paths were found for the configured resources:

    DELETE  /library/v1/books/{isbn} (edu.sjsu.cmpe.library.api.resources.BookResource)
    GET     /library/v1/books/ (edu.sjsu.cmpe.library.api.resources.BookResource)
    GET     /library/v1/books/{isbn} (edu.sjsu.cmpe.library.api.resources.BookResource)
    POST    /library/v1/books (edu.sjsu.cmpe.library.api.resources.BookResource)
    PUT     /library/v1/books/{isbn} (edu.sjsu.cmpe.library.api.resources.BookResource)
    GET     /library/ (edu.sjsu.cmpe.library.ui.resources.HomeResource)
    GET     /library/v1/ (edu.sjsu.cmpe.library.api.resources.RootResource)

INFO  [2013-11-06 05:54:01,017] com.yammer.dropwizard.config.Environment: tasks = 

    POST    /tasks/gc (com.yammer.dropwizard.tasks.GarbageCollectionTask)

WARN  [2013-11-06 05:54:01,304] com.sun.jersey.spi.inject.Errors: The following warnings have been detected with resource and/or provider classes:
  WARNING: A sub-resource method, public edu.sjsu.cmpe.library.dto.BooksDto edu.sjsu.cmpe.library.api.resources.BookResource.getAllBooks(), with URI template, "/", is treated as a resource method
INFO  [2013-11-06 05:54:01,314] org.eclipse.jetty.server.AbstractConnector: Started InstrumentedBlockingChannelConnector@0.0.0.0:8001
INFO  [2013-11-06 05:54:01,319] org.eclipse.jetty.server.AbstractConnector: Started SocketConnector@0.0.0.0:9001
INFO  [2013-11-06 06:32:45,190] org.eclipse.jetty.server.Server: Graceful shutdown SocketConnector@0.0.0.0:9001
INFO  [2013-11-06 06:32:45,192] org.eclipse.jetty.server.Server: Graceful shutdown InstrumentedBlockingChannelConnector@0.0.0.0:8001
INFO  [2013-11-06 06:32:45,192] org.eclipse.jetty.server.Server: Graceful shutdown o.e.j.s.ServletContextHandler{/,null}
INFO  [2013-11-06 06:32:45,192] org.eclipse.jetty.server.Server: Graceful shutdown o.e.j.s.ServletContextHandler{/,null}
INFO  [2013-11-06 06:32:47,248] org.eclipse.jetty.server.handler.ContextHandler: stopped o.e.j.s.ServletContextHandler{/,null}
INFO  [2013-11-06 06:32:47,248] org.eclipse.jetty.server.handler.ContextHandler: stopped o.e.j.s.ServletContextHandler{/,null}
DEBUG [2013-11-06 06:32:49,960] edu.sjsu.cmpe.library.LibraryService: library-a - Queue name is /queue/11536.book.orders. Topic name is /topic/11536.book.*
WARN  [2013-11-06 06:32:49,982] com.yammer.dropwizard.config.ServerFactory: 
!!!!!!!!!!!!!!!!!!!!!!!!!!!!!!!!!!!!!!!!!!!!!!!!!!!!!!!!!!!!!!!!!!!!!!!!!!!!!!!!
!!!!!!!!!!!!!!!!!!!!!!!!!!!!!!!!!!!!!!!!!!!!!!!!!!!!!!!!!!!!!!!!!!!!!!!!!!!!!!!!
!    THIS SERVICE HAS NO HEALTHCHECKS. THIS MEANS YOU WILL NEVER KNOW IF IT    !
!    DIES IN PRODUCTION, WHICH MEANS YOU WILL NEVER KNOW IF YOU'RE LETTING     !
!     YOUR USERS DOWN. YOU SHOULD ADD A HEALTHCHECK FOR EACH DEPENDENCY OF     !
!     YOUR SERVICE WHICH FULLY (BUT LIGHTLY) TESTS YOUR SERVICE'S ABILITY TO   !
!      USE THAT SERVICE. THINK OF IT AS A CONTINUOUS INTEGRATION TEST.         !
!!!!!!!!!!!!!!!!!!!!!!!!!!!!!!!!!!!!!!!!!!!!!!!!!!!!!!!!!!!!!!!!!!!!!!!!!!!!!!!!
!!!!!!!!!!!!!!!!!!!!!!!!!!!!!!!!!!!!!!!!!!!!!!!!!!!!!!!!!!!!!!!!!!!!!!!!!!!!!!!!
INFO  [2013-11-06 06:32:50,055] com.yammer.dropwizard.cli.ServerCommand: Starting library-service
INFO  [2013-11-06 06:32:50,056] org.eclipse.jetty.server.Server: jetty-8.y.z-SNAPSHOT
INFO  [2013-11-06 06:32:50,146] com.sun.jersey.server.impl.application.WebApplicationImpl: Initiating Jersey application, version 'Jersey: 1.17.1 02/28/2013 12:47 PM'
INFO  [2013-11-06 06:32:50,216] com.yammer.dropwizard.config.Environment: The following paths were found for the configured resources:

    DELETE  /library/v1/books/{isbn} (edu.sjsu.cmpe.library.api.resources.BookResource)
    GET     /library/v1/books/ (edu.sjsu.cmpe.library.api.resources.BookResource)
    GET     /library/v1/books/{isbn} (edu.sjsu.cmpe.library.api.resources.BookResource)
    POST    /library/v1/books (edu.sjsu.cmpe.library.api.resources.BookResource)
    PUT     /library/v1/books/{isbn} (edu.sjsu.cmpe.library.api.resources.BookResource)
    GET     /library/ (edu.sjsu.cmpe.library.ui.resources.HomeResource)
    GET     /library/v1/ (edu.sjsu.cmpe.library.api.resources.RootResource)

INFO  [2013-11-06 06:32:50,216] com.yammer.dropwizard.config.Environment: tasks = 

    POST    /tasks/gc (com.yammer.dropwizard.tasks.GarbageCollectionTask)

WARN  [2013-11-06 06:32:50,502] com.sun.jersey.spi.inject.Errors: The following warnings have been detected with resource and/or provider classes:
  WARNING: A sub-resource method, public edu.sjsu.cmpe.library.dto.BooksDto edu.sjsu.cmpe.library.api.resources.BookResource.getAllBooks(), with URI template, "/", is treated as a resource method
INFO  [2013-11-06 06:32:50,511] org.eclipse.jetty.server.AbstractConnector: Started InstrumentedBlockingChannelConnector@0.0.0.0:8001
INFO  [2013-11-06 06:32:50,515] org.eclipse.jetty.server.AbstractConnector: Started SocketConnector@0.0.0.0:9001
INFO  [2013-11-06 06:48:13,528] org.eclipse.jetty.server.Server: Graceful shutdown SocketConnector@0.0.0.0:9001
INFO  [2013-11-06 06:48:13,528] org.eclipse.jetty.server.Server: Graceful shutdown InstrumentedBlockingChannelConnector@0.0.0.0:8001
INFO  [2013-11-06 06:48:13,529] org.eclipse.jetty.server.Server: Graceful shutdown o.e.j.s.ServletContextHandler{/,null}
INFO  [2013-11-06 06:48:13,529] org.eclipse.jetty.server.Server: Graceful shutdown o.e.j.s.ServletContextHandler{/,null}
INFO  [2013-11-06 06:48:15,584] org.eclipse.jetty.server.handler.ContextHandler: stopped o.e.j.s.ServletContextHandler{/,null}
INFO  [2013-11-06 06:48:15,584] org.eclipse.jetty.server.handler.ContextHandler: stopped o.e.j.s.ServletContextHandler{/,null}
DEBUG [2013-11-06 06:50:35,795] edu.sjsu.cmpe.library.LibraryService: library-a - Queue name is /queue/11536.book.orders. Topic name is /topic/11536.book.*
WARN  [2013-11-06 06:50:35,814] com.yammer.dropwizard.config.ServerFactory: 
!!!!!!!!!!!!!!!!!!!!!!!!!!!!!!!!!!!!!!!!!!!!!!!!!!!!!!!!!!!!!!!!!!!!!!!!!!!!!!!!
!!!!!!!!!!!!!!!!!!!!!!!!!!!!!!!!!!!!!!!!!!!!!!!!!!!!!!!!!!!!!!!!!!!!!!!!!!!!!!!!
!    THIS SERVICE HAS NO HEALTHCHECKS. THIS MEANS YOU WILL NEVER KNOW IF IT    !
!    DIES IN PRODUCTION, WHICH MEANS YOU WILL NEVER KNOW IF YOU'RE LETTING     !
!     YOUR USERS DOWN. YOU SHOULD ADD A HEALTHCHECK FOR EACH DEPENDENCY OF     !
!     YOUR SERVICE WHICH FULLY (BUT LIGHTLY) TESTS YOUR SERVICE'S ABILITY TO   !
!      USE THAT SERVICE. THINK OF IT AS A CONTINUOUS INTEGRATION TEST.         !
!!!!!!!!!!!!!!!!!!!!!!!!!!!!!!!!!!!!!!!!!!!!!!!!!!!!!!!!!!!!!!!!!!!!!!!!!!!!!!!!
!!!!!!!!!!!!!!!!!!!!!!!!!!!!!!!!!!!!!!!!!!!!!!!!!!!!!!!!!!!!!!!!!!!!!!!!!!!!!!!!
INFO  [2013-11-06 06:50:35,882] com.yammer.dropwizard.cli.ServerCommand: Starting library-service
INFO  [2013-11-06 06:50:35,884] org.eclipse.jetty.server.Server: jetty-8.y.z-SNAPSHOT
INFO  [2013-11-06 06:50:35,977] com.sun.jersey.server.impl.application.WebApplicationImpl: Initiating Jersey application, version 'Jersey: 1.17.1 02/28/2013 12:47 PM'
INFO  [2013-11-06 06:50:36,048] com.yammer.dropwizard.config.Environment: The following paths were found for the configured resources:

    DELETE  /library/v1/books/{isbn} (edu.sjsu.cmpe.library.api.resources.BookResource)
    GET     /library/v1/books/ (edu.sjsu.cmpe.library.api.resources.BookResource)
    GET     /library/v1/books/{isbn} (edu.sjsu.cmpe.library.api.resources.BookResource)
    POST    /library/v1/books (edu.sjsu.cmpe.library.api.resources.BookResource)
    PUT     /library/v1/books/{isbn} (edu.sjsu.cmpe.library.api.resources.BookResource)
    GET     /library/ (edu.sjsu.cmpe.library.ui.resources.HomeResource)
    GET     /library/v1/ (edu.sjsu.cmpe.library.api.resources.RootResource)

INFO  [2013-11-06 06:50:36,048] com.yammer.dropwizard.config.Environment: tasks = 

    POST    /tasks/gc (com.yammer.dropwizard.tasks.GarbageCollectionTask)

WARN  [2013-11-06 06:50:36,321] com.sun.jersey.spi.inject.Errors: The following warnings have been detected with resource and/or provider classes:
  WARNING: A sub-resource method, public edu.sjsu.cmpe.library.dto.BooksDto edu.sjsu.cmpe.library.api.resources.BookResource.getAllBooks(), with URI template, "/", is treated as a resource method
INFO  [2013-11-06 06:50:36,331] org.eclipse.jetty.server.AbstractConnector: Started InstrumentedBlockingChannelConnector@0.0.0.0:8001
INFO  [2013-11-06 06:50:36,335] org.eclipse.jetty.server.AbstractConnector: Started SocketConnector@0.0.0.0:9001
INFO  [2013-11-06 06:51:31,363] org.eclipse.jetty.server.Server: Graceful shutdown SocketConnector@0.0.0.0:9001
INFO  [2013-11-06 06:51:31,365] org.eclipse.jetty.server.Server: Graceful shutdown InstrumentedBlockingChannelConnector@0.0.0.0:8001
INFO  [2013-11-06 06:51:31,367] org.eclipse.jetty.server.Server: Graceful shutdown o.e.j.s.ServletContextHandler{/,null}
INFO  [2013-11-06 06:51:31,367] org.eclipse.jetty.server.Server: Graceful shutdown o.e.j.s.ServletContextHandler{/,null}
INFO  [2013-11-06 06:51:33,422] org.eclipse.jetty.server.handler.ContextHandler: stopped o.e.j.s.ServletContextHandler{/,null}
INFO  [2013-11-06 06:51:33,422] org.eclipse.jetty.server.handler.ContextHandler: stopped o.e.j.s.ServletContextHandler{/,null}
